15:50:24 [ERROR]: 应用[名称：tpap]的YMAL配置文件[路径：D:\TAE_SDK\apps\tpap\app.yml]中定义页面文件[URI映射地址：/favicon.ico]无法找到！
java.io.FileNotFoundException: 应用[名称：tpap]的YMAL配置文件[路径：D:\TAE_SDK\apps\tpap\app.yml]中定义页面文件[URI映射地址：/favicon.ico]无法找到！
	at com.taobao.tae.sdk.api.util.YamlConfigFileLocator.getViewPageFile(YamlConfigFileLocator.java:207)
	at com.taobao.tae.sdk.app.view.servlet.QuercusServletImpl.getPhpFile(QuercusServletImpl.java:538)
	at com.taobao.tae.sdk.app.view.servlet.QuercusServletImpl.getRenderedPhpContent(QuercusServletImpl.java:566)
	at com.taobao.tae.sdk.app.view.servlet.QuercusServletImpl.service(QuercusServletImpl.java:698)
	at com.taobao.tae.sdk.app.view.servlet.AppRenderServlet.service(AppRenderServlet.java:219)
	at javax.servlet.http.HttpServlet.service(HttpServlet.java:820)
	at org.mortbay.jetty.servlet.ServletHolder.handle(ServletHolder.java:511)
	at org.mortbay.jetty.servlet.ServletHandler$CachedChain.doFilter(ServletHandler.java:1221)
	at org.springframework.web.filter.CharacterEncodingFilter.doFilterInternal(CharacterEncodingFilter.java:88)
	at org.springframework.web.filter.OncePerRequestFilter.doFilter(OncePerRequestFilter.java:76)
	at org.mortbay.jetty.servlet.ServletHandler$CachedChain.doFilter(ServletHandler.java:1212)
	at org.mortbay.jetty.servlet.ServletHandler.handle(ServletHandler.java:399)
	at org.mortbay.jetty.security.SecurityHandler.handle(SecurityHandler.java:216)
	at org.mortbay.jetty.servlet.SessionHandler.handle(SessionHandler.java:182)
	at org.mortbay.jetty.handler.ContextHandler.handle(ContextHandler.java:766)
	at org.mortbay.jetty.webapp.WebAppContext.handle(WebAppContext.java:450)
	at org.mortbay.jetty.handler.ContextHandlerCollection.handle(ContextHandlerCollection.java:199)
	at org.mortbay.jetty.handler.HandlerCollection.handle(HandlerCollection.java:114)
	at org.mortbay.jetty.handler.HandlerWrapper.handle(HandlerWrapper.java:152)
	at org.mortbay.jetty.Server.handle(Server.java:326)
	at org.mortbay.jetty.HttpConnection.handleRequest(HttpConnection.java:542)
	at org.mortbay.jetty.HttpConnection$RequestHandler.headerComplete(HttpConnection.java:928)
	at org.mortbay.jetty.HttpParser.parseNext(HttpParser.java:549)
	at org.mortbay.jetty.HttpParser.parseAvailable(HttpParser.java:212)
	at org.mortbay.jetty.HttpConnection.handle(HttpConnection.java:404)
	at org.mortbay.io.nio.SelectChannelEndPoint.run(SelectChannelEndPoint.java:410)
	at java.util.concurrent.ThreadPoolExecutor.runWorker(ThreadPoolExecutor.java:1145)
	at java.util.concurrent.ThreadPoolExecutor$Worker.run(ThreadPoolExecutor.java:615)
	at java.lang.Thread.run(Thread.java:722)
15:50:24 [ERROR]: 应用[名称：tpap]的YMAL配置文件[路径：D:\TAE_SDK\apps\tpap\app.yml]中定义页面文件[URI映射地址：/favicon.ico]无法找到！
java.io.FileNotFoundException: 应用[名称：tpap]的YMAL配置文件[路径：D:\TAE_SDK\apps\tpap\app.yml]中定义页面文件[URI映射地址：/favicon.ico]无法找到！
	at com.taobao.tae.sdk.api.util.YamlConfigFileLocator.getViewPageFile(YamlConfigFileLocator.java:207)
	at com.taobao.tae.sdk.app.view.servlet.QuercusServletImpl.getPhpFile(QuercusServletImpl.java:538)
	at com.taobao.tae.sdk.app.view.servlet.QuercusServletImpl.getRenderedPhpContent(QuercusServletImpl.java:566)
	at com.taobao.tae.sdk.app.view.servlet.QuercusServletImpl.service(QuercusServletImpl.java:698)
	at com.taobao.tae.sdk.app.view.servlet.AppRenderServlet.service(AppRenderServlet.java:219)
	at javax.servlet.http.HttpServlet.service(HttpServlet.java:820)
	at org.mortbay.jetty.servlet.ServletHolder.handle(ServletHolder.java:511)
	at org.mortbay.jetty.servlet.ServletHandler$CachedChain.doFilter(ServletHandler.java:1221)
	at org.springframework.web.filter.CharacterEncodingFilter.doFilterInternal(CharacterEncodingFilter.java:88)
	at org.springframework.web.filter.OncePerRequestFilter.doFilter(OncePerRequestFilter.java:76)
	at org.mortbay.jetty.servlet.ServletHandler$CachedChain.doFilter(ServletHandler.java:1212)
	at org.mortbay.jetty.servlet.ServletHandler.handle(ServletHandler.java:399)
	at org.mortbay.jetty.security.SecurityHandler.handle(SecurityHandler.java:216)
	at org.mortbay.jetty.servlet.SessionHandler.handle(SessionHandler.java:182)
	at org.mortbay.jetty.handler.ContextHandler.handle(ContextHandler.java:766)
	at org.mortbay.jetty.webapp.WebAppContext.handle(WebAppContext.java:450)
	at org.mortbay.jetty.handler.ContextHandlerCollection.handle(ContextHandlerCollection.java:199)
	at org.mortbay.jetty.handler.HandlerCollection.handle(HandlerCollection.java:114)
	at org.mortbay.jetty.handler.HandlerWrapper.handle(HandlerWrapper.java:152)
	at org.mortbay.jetty.Server.handle(Server.java:326)
	at org.mortbay.jetty.HttpConnection.handleRequest(HttpConnection.java:542)
	at org.mortbay.jetty.HttpConnection$RequestHandler.headerComplete(HttpConnection.java:928)
	at org.mortbay.jetty.HttpParser.parseNext(HttpParser.java:549)
	at org.mortbay.jetty.HttpParser.parseAvailable(HttpParser.java:212)
	at org.mortbay.jetty.HttpConnection.handle(HttpConnection.java:404)
	at org.mortbay.io.nio.SelectChannelEndPoint.run(SelectChannelEndPoint.java:410)
	at java.util.concurrent.ThreadPoolExecutor.runWorker(ThreadPoolExecutor.java:1145)
	at java.util.concurrent.ThreadPoolExecutor$Worker.run(ThreadPoolExecutor.java:615)
	at java.lang.Thread.run(Thread.java:722)
15:50:24 [ERROR]: 应用[名称：tpap]的YMAL配置文件[路径：D:\TAE_SDK\apps\tpap\app.yml]中定义页面文件[URI映射地址：/favicon.ico]无法找到！
java.io.FileNotFoundException: 应用[名称：tpap]的YMAL配置文件[路径：D:\TAE_SDK\apps\tpap\app.yml]中定义页面文件[URI映射地址：/favicon.ico]无法找到！
	at com.taobao.tae.sdk.api.util.YamlConfigFileLocator.getViewPageFile(YamlConfigFileLocator.java:207)
	at com.taobao.tae.sdk.app.view.servlet.QuercusServletImpl.getPhpFile(QuercusServletImpl.java:538)
	at com.taobao.tae.sdk.app.view.servlet.QuercusServletImpl.getRenderedPhpContent(QuercusServletImpl.java:566)
	at com.taobao.tae.sdk.app.view.servlet.QuercusServletImpl.service(QuercusServletImpl.java:698)
	at com.taobao.tae.sdk.app.view.servlet.AppRenderServlet.service(AppRenderServlet.java:219)
	at javax.servlet.http.HttpServlet.service(HttpServlet.java:820)
	at org.mortbay.jetty.servlet.ServletHolder.handle(ServletHolder.java:511)
	at org.mortbay.jetty.servlet.ServletHandler$CachedChain.doFilter(ServletHandler.java:1221)
	at org.springframework.web.filter.CharacterEncodingFilter.doFilterInternal(CharacterEncodingFilter.java:88)
	at org.springframework.web.filter.OncePerRequestFilter.doFilter(OncePerRequestFilter.java:76)
	at org.mortbay.jetty.servlet.ServletHandler$CachedChain.doFilter(ServletHandler.java:1212)
	at org.mortbay.jetty.servlet.ServletHandler.handle(ServletHandler.java:399)
	at org.mortbay.jetty.security.SecurityHandler.handle(SecurityHandler.java:216)
	at org.mortbay.jetty.servlet.SessionHandler.handle(SessionHandler.java:182)
	at org.mortbay.jetty.handler.ContextHandler.handle(ContextHandler.java:766)
	at org.mortbay.jetty.webapp.WebAppContext.handle(WebAppContext.java:450)
	at org.mortbay.jetty.handler.ContextHandlerCollection.handle(ContextHandlerCollection.java:199)
	at org.mortbay.jetty.handler.HandlerCollection.handle(HandlerCollection.java:114)
	at org.mortbay.jetty.handler.HandlerWrapper.handle(HandlerWrapper.java:152)
	at org.mortbay.jetty.Server.handle(Server.java:326)
	at org.mortbay.jetty.HttpConnection.handleRequest(HttpConnection.java:542)
	at org.mortbay.jetty.HttpConnection$RequestHandler.headerComplete(HttpConnection.java:928)
	at org.mortbay.jetty.HttpParser.parseNext(HttpParser.java:549)
	at org.mortbay.jetty.HttpParser.parseAvailable(HttpParser.java:212)
	at org.mortbay.jetty.HttpConnection.handle(HttpConnection.java:404)
	at org.mortbay.io.nio.SelectChannelEndPoint.run(SelectChannelEndPoint.java:410)
	at java.util.concurrent.ThreadPoolExecutor.runWorker(ThreadPoolExecutor.java:1145)
	at java.util.concurrent.ThreadPoolExecutor$Worker.run(ThreadPoolExecutor.java:615)
	at java.lang.Thread.run(Thread.java:722)
15:50:29 [ERROR]: 应用[名称：tpap]的YMAL配置文件[路径：D:\TAE_SDK\apps\tpap\app.yml]中定义页面文件[URI映射地址：/kissy/1.3.0/component/calendar.php]无法找到！
java.io.FileNotFoundException: 应用[名称：tpap]的YMAL配置文件[路径：D:\TAE_SDK\apps\tpap\app.yml]中定义页面文件[URI映射地址：/kissy/1.3.0/component/calendar.php]无法找到！
	at com.taobao.tae.sdk.api.util.YamlConfigFileLocator.getViewPageFile(YamlConfigFileLocator.java:207)
	at com.taobao.tae.sdk.app.view.servlet.QuercusServletImpl.getPhpFile(QuercusServletImpl.java:538)
	at com.taobao.tae.sdk.app.view.servlet.QuercusServletImpl.getRenderedPhpContent(QuercusServletImpl.java:566)
	at com.taobao.tae.sdk.app.view.servlet.QuercusServletImpl.service(QuercusServletImpl.java:698)
	at com.taobao.tae.sdk.app.view.servlet.AppRenderServlet.service(AppRenderServlet.java:219)
	at javax.servlet.http.HttpServlet.service(HttpServlet.java:820)
	at org.mortbay.jetty.servlet.ServletHolder.handle(ServletHolder.java:511)
	at org.mortbay.jetty.servlet.ServletHandler$CachedChain.doFilter(ServletHandler.java:1221)
	at org.springframework.web.filter.CharacterEncodingFilter.doFilterInternal(CharacterEncodingFilter.java:88)
	at org.springframework.web.filter.OncePerRequestFilter.doFilter(OncePerRequestFilter.java:76)
	at org.mortbay.jetty.servlet.ServletHandler$CachedChain.doFilter(ServletHandler.java:1212)
	at org.mortbay.jetty.servlet.ServletHandler.handle(ServletHandler.java:399)
	at org.mortbay.jetty.security.SecurityHandler.handle(SecurityHandler.java:216)
	at org.mortbay.jetty.servlet.SessionHandler.handle(SessionHandler.java:182)
	at org.mortbay.jetty.handler.ContextHandler.handle(ContextHandler.java:766)
	at org.mortbay.jetty.webapp.WebAppContext.handle(WebAppContext.java:450)
	at org.mortbay.jetty.handler.ContextHandlerCollection.handle(ContextHandlerCollection.java:199)
	at org.mortbay.jetty.handler.HandlerCollection.handle(HandlerCollection.java:114)
	at org.mortbay.jetty.handler.HandlerWrapper.handle(HandlerWrapper.java:152)
	at org.mortbay.jetty.Server.handle(Server.java:326)
	at org.mortbay.jetty.HttpConnection.handleRequest(HttpConnection.java:542)
	at org.mortbay.jetty.HttpConnection$RequestHandler.headerComplete(HttpConnection.java:928)
	at org.mortbay.jetty.HttpParser.parseNext(HttpParser.java:549)
	at org.mortbay.jetty.HttpParser.parseAvailable(HttpParser.java:212)
	at org.mortbay.jetty.HttpConnection.handle(HttpConnection.java:404)
	at org.mortbay.io.nio.SelectChannelEndPoint.run(SelectChannelEndPoint.java:410)
	at java.util.concurrent.ThreadPoolExecutor.runWorker(ThreadPoolExecutor.java:1145)
	at java.util.concurrent.ThreadPoolExecutor$Worker.run(ThreadPoolExecutor.java:615)
	at java.lang.Thread.run(Thread.java:722)
15:50:30 [ERROR]: 应用[名称：tpap]的YMAL配置文件[路径：D:\TAE_SDK\apps\tpap\app.yml]中定义页面文件[URI映射地址：/kissy/1.3.0/component/calendar.php]无法找到！
java.io.FileNotFoundException: 应用[名称：tpap]的YMAL配置文件[路径：D:\TAE_SDK\apps\tpap\app.yml]中定义页面文件[URI映射地址：/kissy/1.3.0/component/calendar.php]无法找到！
	at com.taobao.tae.sdk.api.util.YamlConfigFileLocator.getViewPageFile(YamlConfigFileLocator.java:207)
	at com.taobao.tae.sdk.app.view.servlet.QuercusServletImpl.getPhpFile(QuercusServletImpl.java:538)
	at com.taobao.tae.sdk.app.view.servlet.QuercusServletImpl.getRenderedPhpContent(QuercusServletImpl.java:566)
	at com.taobao.tae.sdk.app.view.servlet.QuercusServletImpl.service(QuercusServletImpl.java:698)
	at com.taobao.tae.sdk.app.view.servlet.AppRenderServlet.service(AppRenderServlet.java:219)
	at javax.servlet.http.HttpServlet.service(HttpServlet.java:820)
	at org.mortbay.jetty.servlet.ServletHolder.handle(ServletHolder.java:511)
	at org.mortbay.jetty.servlet.ServletHandler$CachedChain.doFilter(ServletHandler.java:1221)
	at org.springframework.web.filter.CharacterEncodingFilter.doFilterInternal(CharacterEncodingFilter.java:88)
	at org.springframework.web.filter.OncePerRequestFilter.doFilter(OncePerRequestFilter.java:76)
	at org.mortbay.jetty.servlet.ServletHandler$CachedChain.doFilter(ServletHandler.java:1212)
	at org.mortbay.jetty.servlet.ServletHandler.handle(ServletHandler.java:399)
	at org.mortbay.jetty.security.SecurityHandler.handle(SecurityHandler.java:216)
	at org.mortbay.jetty.servlet.SessionHandler.handle(SessionHandler.java:182)
	at org.mortbay.jetty.handler.ContextHandler.handle(ContextHandler.java:766)
	at org.mortbay.jetty.webapp.WebAppContext.handle(WebAppContext.java:450)
	at org.mortbay.jetty.handler.ContextHandlerCollection.handle(ContextHandlerCollection.java:199)
	at org.mortbay.jetty.handler.HandlerCollection.handle(HandlerCollection.java:114)
	at org.mortbay.jetty.handler.HandlerWrapper.handle(HandlerWrapper.java:152)
	at org.mortbay.jetty.Server.handle(Server.java:326)
	at org.mortbay.jetty.HttpConnection.handleRequest(HttpConnection.java:542)
	at org.mortbay.jetty.HttpConnection$RequestHandler.headerComplete(HttpConnection.java:928)
	at org.mortbay.jetty.HttpParser.parseNext(HttpParser.java:549)
	at org.mortbay.jetty.HttpParser.parseAvailable(HttpParser.java:212)
	at org.mortbay.jetty.HttpConnection.handle(HttpConnection.java:404)
	at org.mortbay.io.nio.SelectChannelEndPoint.run(SelectChannelEndPoint.java:410)
	at java.util.concurrent.ThreadPoolExecutor.runWorker(ThreadPoolExecutor.java:1145)
	at java.util.concurrent.ThreadPoolExecutor$Worker.run(ThreadPoolExecutor.java:615)
	at java.lang.Thread.run(Thread.java:722)
15:50:30 [ERROR]: 应用[名称：tpap]的YMAL配置文件[路径：D:\TAE_SDK\apps\tpap\app.yml]中定义页面文件[URI映射地址：/favicon.ico]无法找到！
java.io.FileNotFoundException: 应用[名称：tpap]的YMAL配置文件[路径：D:\TAE_SDK\apps\tpap\app.yml]中定义页面文件[URI映射地址：/favicon.ico]无法找到！
	at com.taobao.tae.sdk.api.util.YamlConfigFileLocator.getViewPageFile(YamlConfigFileLocator.java:207)
	at com.taobao.tae.sdk.app.view.servlet.QuercusServletImpl.getPhpFile(QuercusServletImpl.java:538)
	at com.taobao.tae.sdk.app.view.servlet.QuercusServletImpl.getRenderedPhpContent(QuercusServletImpl.java:566)
	at com.taobao.tae.sdk.app.view.servlet.QuercusServletImpl.service(QuercusServletImpl.java:698)
	at com.taobao.tae.sdk.app.view.servlet.AppRenderServlet.service(AppRenderServlet.java:219)
	at javax.servlet.http.HttpServlet.service(HttpServlet.java:820)
	at org.mortbay.jetty.servlet.ServletHolder.handle(ServletHolder.java:511)
	at org.mortbay.jetty.servlet.ServletHandler$CachedChain.doFilter(ServletHandler.java:1221)
	at org.springframework.web.filter.CharacterEncodingFilter.doFilterInternal(CharacterEncodingFilter.java:88)
	at org.springframework.web.filter.OncePerRequestFilter.doFilter(OncePerRequestFilter.java:76)
	at org.mortbay.jetty.servlet.ServletHandler$CachedChain.doFilter(ServletHandler.java:1212)
	at org.mortbay.jetty.servlet.ServletHandler.handle(ServletHandler.java:399)
	at org.mortbay.jetty.security.SecurityHandler.handle(SecurityHandler.java:216)
	at org.mortbay.jetty.servlet.SessionHandler.handle(SessionHandler.java:182)
	at org.mortbay.jetty.handler.ContextHandler.handle(ContextHandler.java:766)
	at org.mortbay.jetty.webapp.WebAppContext.handle(WebAppContext.java:450)
	at org.mortbay.jetty.handler.ContextHandlerCollection.handle(ContextHandlerCollection.java:199)
	at org.mortbay.jetty.handler.HandlerCollection.handle(HandlerCollection.java:114)
	at org.mortbay.jetty.handler.HandlerWrapper.handle(HandlerWrapper.java:152)
	at org.mortbay.jetty.Server.handle(Server.java:326)
	at org.mortbay.jetty.HttpConnection.handleRequest(HttpConnection.java:542)
	at org.mortbay.jetty.HttpConnection$RequestHandler.headerComplete(HttpConnection.java:928)
	at org.mortbay.jetty.HttpParser.parseNext(HttpParser.java:549)
	at org.mortbay.jetty.HttpParser.parseAvailable(HttpParser.java:212)
	at org.mortbay.jetty.HttpConnection.handle(HttpConnection.java:404)
	at org.mortbay.io.nio.SelectChannelEndPoint.run(SelectChannelEndPoint.java:410)
	at java.util.concurrent.ThreadPoolExecutor.runWorker(ThreadPoolExecutor.java:1145)
	at java.util.concurrent.ThreadPoolExecutor$Worker.run(ThreadPoolExecutor.java:615)
	at java.lang.Thread.run(Thread.java:722)
15:50:31 [ERROR]: 应用[名称：tpap]的YMAL配置文件[路径：D:\TAE_SDK\apps\tpap\app.yml]中定义页面文件[URI映射地址：/favicon.ico]无法找到！
java.io.FileNotFoundException: 应用[名称：tpap]的YMAL配置文件[路径：D:\TAE_SDK\apps\tpap\app.yml]中定义页面文件[URI映射地址：/favicon.ico]无法找到！
	at com.taobao.tae.sdk.api.util.YamlConfigFileLocator.getViewPageFile(YamlConfigFileLocator.java:207)
	at com.taobao.tae.sdk.app.view.servlet.QuercusServletImpl.getPhpFile(QuercusServletImpl.java:538)
	at com.taobao.tae.sdk.app.view.servlet.QuercusServletImpl.getRenderedPhpContent(QuercusServletImpl.java:566)
	at com.taobao.tae.sdk.app.view.servlet.QuercusServletImpl.service(QuercusServletImpl.java:698)
	at com.taobao.tae.sdk.app.view.servlet.AppRenderServlet.service(AppRenderServlet.java:219)
	at javax.servlet.http.HttpServlet.service(HttpServlet.java:820)
	at org.mortbay.jetty.servlet.ServletHolder.handle(ServletHolder.java:511)
	at org.mortbay.jetty.servlet.ServletHandler$CachedChain.doFilter(ServletHandler.java:1221)
	at org.springframework.web.filter.CharacterEncodingFilter.doFilterInternal(CharacterEncodingFilter.java:88)
	at org.springframework.web.filter.OncePerRequestFilter.doFilter(OncePerRequestFilter.java:76)
	at org.mortbay.jetty.servlet.ServletHandler$CachedChain.doFilter(ServletHandler.java:1212)
	at org.mortbay.jetty.servlet.ServletHandler.handle(ServletHandler.java:399)
	at org.mortbay.jetty.security.SecurityHandler.handle(SecurityHandler.java:216)
	at org.mortbay.jetty.servlet.SessionHandler.handle(SessionHandler.java:182)
	at org.mortbay.jetty.handler.ContextHandler.handle(ContextHandler.java:766)
	at org.mortbay.jetty.webapp.WebAppContext.handle(WebAppContext.java:450)
	at org.mortbay.jetty.handler.ContextHandlerCollection.handle(ContextHandlerCollection.java:199)
	at org.mortbay.jetty.handler.HandlerCollection.handle(HandlerCollection.java:114)
	at org.mortbay.jetty.handler.HandlerWrapper.handle(HandlerWrapper.java:152)
	at org.mortbay.jetty.Server.handle(Server.java:326)
	at org.mortbay.jetty.HttpConnection.handleRequest(HttpConnection.java:542)
	at org.mortbay.jetty.HttpConnection$RequestHandler.headerComplete(HttpConnection.java:928)
	at org.mortbay.jetty.HttpParser.parseNext(HttpParser.java:549)
	at org.mortbay.jetty.HttpParser.parseAvailable(HttpParser.java:212)
	at org.mortbay.jetty.HttpConnection.handle(HttpConnection.java:404)
	at org.mortbay.io.nio.SelectChannelEndPoint.run(SelectChannelEndPoint.java:410)
	at java.util.concurrent.ThreadPoolExecutor.runWorker(ThreadPoolExecutor.java:1145)
	at java.util.concurrent.ThreadPoolExecutor$Worker.run(ThreadPoolExecutor.java:615)
	at java.lang.Thread.run(Thread.java:722)
15:50:33 [ERROR]: 应用[名称：tpap]的YMAL配置文件[路径：D:\TAE_SDK\apps\tpap\app.yml]中定义页面文件[URI映射地址：/favicon.ico]无法找到！
java.io.FileNotFoundException: 应用[名称：tpap]的YMAL配置文件[路径：D:\TAE_SDK\apps\tpap\app.yml]中定义页面文件[URI映射地址：/favicon.ico]无法找到！
	at com.taobao.tae.sdk.api.util.YamlConfigFileLocator.getViewPageFile(YamlConfigFileLocator.java:207)
	at com.taobao.tae.sdk.app.view.servlet.QuercusServletImpl.getPhpFile(QuercusServletImpl.java:538)
	at com.taobao.tae.sdk.app.view.servlet.QuercusServletImpl.getRenderedPhpContent(QuercusServletImpl.java:566)
	at com.taobao.tae.sdk.app.view.servlet.QuercusServletImpl.service(QuercusServletImpl.java:698)
	at com.taobao.tae.sdk.app.view.servlet.AppRenderServlet.service(AppRenderServlet.java:219)
	at javax.servlet.http.HttpServlet.service(HttpServlet.java:820)
	at org.mortbay.jetty.servlet.ServletHolder.handle(ServletHolder.java:511)
	at org.mortbay.jetty.servlet.ServletHandler$CachedChain.doFilter(ServletHandler.java:1221)
	at org.springframework.web.filter.CharacterEncodingFilter.doFilterInternal(CharacterEncodingFilter.java:88)
	at org.springframework.web.filter.OncePerRequestFilter.doFilter(OncePerRequestFilter.java:76)
	at org.mortbay.jetty.servlet.ServletHandler$CachedChain.doFilter(ServletHandler.java:1212)
	at org.mortbay.jetty.servlet.ServletHandler.handle(ServletHandler.java:399)
	at org.mortbay.jetty.security.SecurityHandler.handle(SecurityHandler.java:216)
	at org.mortbay.jetty.servlet.SessionHandler.handle(SessionHandler.java:182)
	at org.mortbay.jetty.handler.ContextHandler.handle(ContextHandler.java:766)
	at org.mortbay.jetty.webapp.WebAppContext.handle(WebAppContext.java:450)
	at org.mortbay.jetty.handler.ContextHandlerCollection.handle(ContextHandlerCollection.java:199)
	at org.mortbay.jetty.handler.HandlerCollection.handle(HandlerCollection.java:114)
	at org.mortbay.jetty.handler.HandlerWrapper.handle(HandlerWrapper.java:152)
	at org.mortbay.jetty.Server.handle(Server.java:326)
	at org.mortbay.jetty.HttpConnection.handleRequest(HttpConnection.java:542)
	at org.mortbay.jetty.HttpConnection$RequestHandler.headerComplete(HttpConnection.java:928)
	at org.mortbay.jetty.HttpParser.parseNext(HttpParser.java:549)
	at org.mortbay.jetty.HttpParser.parseAvailable(HttpParser.java:212)
	at org.mortbay.jetty.HttpConnection.handle(HttpConnection.java:404)
	at org.mortbay.io.nio.SelectChannelEndPoint.run(SelectChannelEndPoint.java:410)
	at java.util.concurrent.ThreadPoolExecutor.runWorker(ThreadPoolExecutor.java:1145)
	at java.util.concurrent.ThreadPoolExecutor$Worker.run(ThreadPoolExecutor.java:615)
	at java.lang.Thread.run(Thread.java:722)
15:50:33 [ERROR]: 应用[名称：tpap]的YMAL配置文件[路径：D:\TAE_SDK\apps\tpap\app.yml]中定义页面文件[URI映射地址：/favicon.ico]无法找到！
java.io.FileNotFoundException: 应用[名称：tpap]的YMAL配置文件[路径：D:\TAE_SDK\apps\tpap\app.yml]中定义页面文件[URI映射地址：/favicon.ico]无法找到！
	at com.taobao.tae.sdk.api.util.YamlConfigFileLocator.getViewPageFile(YamlConfigFileLocator.java:207)
	at com.taobao.tae.sdk.app.view.servlet.QuercusServletImpl.getPhpFile(QuercusServletImpl.java:538)
	at com.taobao.tae.sdk.app.view.servlet.QuercusServletImpl.getRenderedPhpContent(QuercusServletImpl.java:566)
	at com.taobao.tae.sdk.app.view.servlet.QuercusServletImpl.service(QuercusServletImpl.java:698)
	at com.taobao.tae.sdk.app.view.servlet.AppRenderServlet.service(AppRenderServlet.java:219)
	at javax.servlet.http.HttpServlet.service(HttpServlet.java:820)
	at org.mortbay.jetty.servlet.ServletHolder.handle(ServletHolder.java:511)
	at org.mortbay.jetty.servlet.ServletHandler$CachedChain.doFilter(ServletHandler.java:1221)
	at org.springframework.web.filter.CharacterEncodingFilter.doFilterInternal(CharacterEncodingFilter.java:88)
	at org.springframework.web.filter.OncePerRequestFilter.doFilter(OncePerRequestFilter.java:76)
	at org.mortbay.jetty.servlet.ServletHandler$CachedChain.doFilter(ServletHandler.java:1212)
	at org.mortbay.jetty.servlet.ServletHandler.handle(ServletHandler.java:399)
	at org.mortbay.jetty.security.SecurityHandler.handle(SecurityHandler.java:216)
	at org.mortbay.jetty.servlet.SessionHandler.handle(SessionHandler.java:182)
	at org.mortbay.jetty.handler.ContextHandler.handle(ContextHandler.java:766)
	at org.mortbay.jetty.webapp.WebAppContext.handle(WebAppContext.java:450)
	at org.mortbay.jetty.handler.ContextHandlerCollection.handle(ContextHandlerCollection.java:199)
	at org.mortbay.jetty.handler.HandlerCollection.handle(HandlerCollection.java:114)
	at org.mortbay.jetty.handler.HandlerWrapper.handle(HandlerWrapper.java:152)
	at org.mortbay.jetty.Server.handle(Server.java:326)
	at org.mortbay.jetty.HttpConnection.handleRequest(HttpConnection.java:542)
	at org.mortbay.jetty.HttpConnection$RequestHandler.headerComplete(HttpConnection.java:928)
	at org.mortbay.jetty.HttpParser.parseNext(HttpParser.java:549)
	at org.mortbay.jetty.HttpParser.parseAvailable(HttpParser.java:212)
	at org.mortbay.jetty.HttpConnection.handle(HttpConnection.java:404)
	at org.mortbay.io.nio.SelectChannelEndPoint.run(SelectChannelEndPoint.java:410)
	at java.util.concurrent.ThreadPoolExecutor.runWorker(ThreadPoolExecutor.java:1145)
	at java.util.concurrent.ThreadPoolExecutor$Worker.run(ThreadPoolExecutor.java:615)
	at java.lang.Thread.run(Thread.java:722)
15:50:33 [ERROR]: 应用[名称：tpap]的YMAL配置文件[路径：D:\TAE_SDK\apps\tpap\app.yml]中定义页面文件[URI映射地址：/favicon.ico]无法找到！
java.io.FileNotFoundException: 应用[名称：tpap]的YMAL配置文件[路径：D:\TAE_SDK\apps\tpap\app.yml]中定义页面文件[URI映射地址：/favicon.ico]无法找到！
	at com.taobao.tae.sdk.api.util.YamlConfigFileLocator.getViewPageFile(YamlConfigFileLocator.java:207)
	at com.taobao.tae.sdk.app.view.servlet.QuercusServletImpl.getPhpFile(QuercusServletImpl.java:538)
	at com.taobao.tae.sdk.app.view.servlet.QuercusServletImpl.getRenderedPhpContent(QuercusServletImpl.java:566)
	at com.taobao.tae.sdk.app.view.servlet.QuercusServletImpl.service(QuercusServletImpl.java:698)
	at com.taobao.tae.sdk.app.view.servlet.AppRenderServlet.service(AppRenderServlet.java:219)
	at javax.servlet.http.HttpServlet.service(HttpServlet.java:820)
	at org.mortbay.jetty.servlet.ServletHolder.handle(ServletHolder.java:511)
	at org.mortbay.jetty.servlet.ServletHandler$CachedChain.doFilter(ServletHandler.java:1221)
	at org.springframework.web.filter.CharacterEncodingFilter.doFilterInternal(CharacterEncodingFilter.java:88)
	at org.springframework.web.filter.OncePerRequestFilter.doFilter(OncePerRequestFilter.java:76)
	at org.mortbay.jetty.servlet.ServletHandler$CachedChain.doFilter(ServletHandler.java:1212)
	at org.mortbay.jetty.servlet.ServletHandler.handle(ServletHandler.java:399)
	at org.mortbay.jetty.security.SecurityHandler.handle(SecurityHandler.java:216)
	at org.mortbay.jetty.servlet.SessionHandler.handle(SessionHandler.java:182)
	at org.mortbay.jetty.handler.ContextHandler.handle(ContextHandler.java:766)
	at org.mortbay.jetty.webapp.WebAppContext.handle(WebAppContext.java:450)
	at org.mortbay.jetty.handler.ContextHandlerCollection.handle(ContextHandlerCollection.java:199)
	at org.mortbay.jetty.handler.HandlerCollection.handle(HandlerCollection.java:114)
	at org.mortbay.jetty.handler.HandlerWrapper.handle(HandlerWrapper.java:152)
	at org.mortbay.jetty.Server.handle(Server.java:326)
	at org.mortbay.jetty.HttpConnection.handleRequest(HttpConnection.java:542)
	at org.mortbay.jetty.HttpConnection$RequestHandler.headerComplete(HttpConnection.java:928)
	at org.mortbay.jetty.HttpParser.parseNext(HttpParser.java:549)
	at org.mortbay.jetty.HttpParser.parseAvailable(HttpParser.java:212)
	at org.mortbay.jetty.HttpConnection.handle(HttpConnection.java:404)
	at org.mortbay.io.nio.SelectChannelEndPoint.run(SelectChannelEndPoint.java:410)
	at java.util.concurrent.ThreadPoolExecutor.runWorker(ThreadPoolExecutor.java:1145)
	at java.util.concurrent.ThreadPoolExecutor$Worker.run(ThreadPoolExecutor.java:615)
	at java.lang.Thread.run(Thread.java:722)
15:50:33 [ERROR]: 应用[名称：tpap]的YMAL配置文件[路径：D:\TAE_SDK\apps\tpap\app.yml]中定义页面文件[URI映射地址：/favicon.ico]无法找到！
java.io.FileNotFoundException: 应用[名称：tpap]的YMAL配置文件[路径：D:\TAE_SDK\apps\tpap\app.yml]中定义页面文件[URI映射地址：/favicon.ico]无法找到！
	at com.taobao.tae.sdk.api.util.YamlConfigFileLocator.getViewPageFile(YamlConfigFileLocator.java:207)
	at com.taobao.tae.sdk.app.view.servlet.QuercusServletImpl.getPhpFile(QuercusServletImpl.java:538)
	at com.taobao.tae.sdk.app.view.servlet.QuercusServletImpl.getRenderedPhpContent(QuercusServletImpl.java:566)
	at com.taobao.tae.sdk.app.view.servlet.QuercusServletImpl.service(QuercusServletImpl.java:698)
	at com.taobao.tae.sdk.app.view.servlet.AppRenderServlet.service(AppRenderServlet.java:219)
	at javax.servlet.http.HttpServlet.service(HttpServlet.java:820)
	at org.mortbay.jetty.servlet.ServletHolder.handle(ServletHolder.java:511)
	at org.mortbay.jetty.servlet.ServletHandler$CachedChain.doFilter(ServletHandler.java:1221)
	at org.springframework.web.filter.CharacterEncodingFilter.doFilterInternal(CharacterEncodingFilter.java:88)
	at org.springframework.web.filter.OncePerRequestFilter.doFilter(OncePerRequestFilter.java:76)
	at org.mortbay.jetty.servlet.ServletHandler$CachedChain.doFilter(ServletHandler.java:1212)
	at org.mortbay.jetty.servlet.ServletHandler.handle(ServletHandler.java:399)
	at org.mortbay.jetty.security.SecurityHandler.handle(SecurityHandler.java:216)
	at org.mortbay.jetty.servlet.SessionHandler.handle(SessionHandler.java:182)
	at org.mortbay.jetty.handler.ContextHandler.handle(ContextHandler.java:766)
	at org.mortbay.jetty.webapp.WebAppContext.handle(WebAppContext.java:450)
	at org.mortbay.jetty.handler.ContextHandlerCollection.handle(ContextHandlerCollection.java:199)
	at org.mortbay.jetty.handler.HandlerCollection.handle(HandlerCollection.java:114)
	at org.mortbay.jetty.handler.HandlerWrapper.handle(HandlerWrapper.java:152)
	at org.mortbay.jetty.Server.handle(Server.java:326)
	at org.mortbay.jetty.HttpConnection.handleRequest(HttpConnection.java:542)
	at org.mortbay.jetty.HttpConnection$RequestHandler.headerComplete(HttpConnection.java:928)
	at org.mortbay.jetty.HttpParser.parseNext(HttpParser.java:549)
	at org.mortbay.jetty.HttpParser.parseAvailable(HttpParser.java:212)
	at org.mortbay.jetty.HttpConnection.handle(HttpConnection.java:404)
	at org.mortbay.io.nio.SelectChannelEndPoint.run(SelectChannelEndPoint.java:410)
	at java.util.concurrent.ThreadPoolExecutor.runWorker(ThreadPoolExecutor.java:1145)
	at java.util.concurrent.ThreadPoolExecutor$Worker.run(ThreadPoolExecutor.java:615)
	at java.lang.Thread.run(Thread.java:722)
